
> PayPal@0.0.1 start /home/william/Paypal
> node ./bin/www

[ { name: 'Receiver',
    email: 'Tester@abc.com',
    amount: 'EUR $368.00',
    message: 'this is a message',
    payFor: 'I am paying for goods or services',
    _id: 5347c697296de2670735564e,
    __v: 0,
    updated: Fri Apr 11 2014 03:40:23 GMT-0700 (MST),
    TransactionAt: Fri Apr 11 2014 03:40:23 GMT-0700 (MST) },
  { name: 'John Smith',
    email: 'JohnSmith@paypal.com',
    amount: '$123.45',
    message: 'I am sending money to family or friend',
    payFor: '1',
    _id: 5347c64885a1807407fbb0c1,
    __v: 0,
    updated: Fri Apr 11 2014 03:39:04 GMT-0700 (MST),
    TransactionAt: Thu Dec 05 2013 00:00:00 GMT-0700 (MST) },
  { name: 'Jane Jones',
    email: 'JaneJones@paypal.com',
    amount: '$123.45',
    message: 'I am sending money to family or friend',
    payFor: '1',
    _id: 5347c64885a1807407fbb0c3,
    __v: 0,
    updated: Fri Apr 11 2014 03:39:04 GMT-0700 (MST),
    TransactionAt: Thu Dec 05 2013 00:00:00 GMT-0700 (MST) },
  { name: 'Starbucks',
    email: 'Starbucks@paypal.com',
    amount: '$3.34',
    message: 'I am sending money to family or friend',
    payFor: '1',
    _id: 5347c64885a1807407fbb0c2,
    __v: 0,
    updated: Fri Apr 11 2014 03:39:04 GMT-0700 (MST),
    TransactionAt: Fri Nov 22 2013 00:00:00 GMT-0700 (MST) },
  { name: 'Applebee\'s',
    email: 'Applebees@paypal.com',
    amount: '$35.42',
    message: 'I am sending money to family or friend',
    payFor: '0',
    _id: 5347c64885a1807407fbb0c4,
    __v: 0,
    updated: Fri Apr 11 2014 03:39:04 GMT-0700 (MST),
    TransactionAt: Wed Nov 06 2013 00:00:00 GMT-0700 (MST) },
  { name: 'Toys R Us',
    email: 'ToysRUs@paypal.com',
    amount: '$1,239.34',
    message: 'I am sending money to family or friend',
    payFor: '1',
    _id: 5347c64885a1807407fbb0c5,
    __v: 0,
    updated: Fri Apr 11 2014 03:39:04 GMT-0700 (MST),
    TransactionAt: Thu Oct 24 2013 00:00:00 GMT-0700 (MST) },
  { name: 'Apple',
    email: 'JohnSmith@paypal.com',
    amount: '$199.00',
    message: 'I am sending money to family or friend',
    payFor: '1',
    _id: 5347c64885a1807407fbb0c6,
    __v: 0,
    updated: Fri Apr 11 2014 03:39:04 GMT-0700 (MST),
    TransactionAt: Tue Sep 03 2013 00:00:00 GMT-0700 (MST) },
  { name: 'Ebay',
    email: 'Ebay@paypal.com',
    amount: '$222.50',
    message: 'I am sending money to family or friend',
    payFor: '1',
    _id: 5347c64885a1807407fbb0c7,
    __v: 0,
    updated: Fri Apr 11 2014 03:39:04 GMT-0700 (MST),
    TransactionAt: Fri Jul 05 2013 00:00:00 GMT-0700 (MST) },
  { name: 'Microsoft Corp',
    email: 'Microsoft@paypal.com',
    amount: '$99.00',
    message: 'I am sending money to family or friend',
    payFor: '1',
    _id: 5347c64885a1807407fbb0c8,
    __v: 0,
    updated: Fri Apr 11 2014 03:39:04 GMT-0700 (MST),
    TransactionAt: Wed Nov 07 2012 00:00:00 GMT-0700 (MST) },
  { name: 'Jamba Juice',
    email: 'JohnSmith@paypal.com',
    amount: '$1.00',
    message: 'I am sending money to family or friend',
    payFor: '1',
    _id: 5347c64885a1807407fbb0c9,
    __v: 0,
    updated: Fri Apr 11 2014 03:39:04 GMT-0700 (MST),
    TransactionAt: Fri Oct 05 2012 00:00:00 GMT-0700 (MST) },
  { name: 'WhatCome',
    email: 'Whatcome@paypal.com',
    amount: '$876.25',
    message: 'I am sending money to family or friend',
    payFor: '1',
    _id: 5347c64885a1807407fbb0ca,
    __v: 0,
    updated: Fri Apr 11 2014 03:39:04 GMT-0700 (MST),
    TransactionAt: Sat Sep 01 2012 00:00:00 GMT-0700 (MST) } ]
[90mGET /paypal/list [32m200 [90m34ms - 2.75kb[0m
